<?xml version="1.0" encoding="UTF-8"?>
<!-- Generated by org.testng.reporters.JUnitReportReporter -->
<testsuite hostname="AnandKumbhalkar" failures="0" tests="1" name="TestClass.NewTest2" time="2.891" errors="0" timestamp="2025-03-20T11:08:17 IST" skipped="0">
  <testcase classname="TestClass.NewTest2" name="Test2" time="2.891"/>
  <system-out>
    <![CDATA[Test case2 is running]]>
  </system-out>
</testsuite> <!-- TestClass.NewTest2 -->
