<?xml version="1.0" encoding="UTF-8"?>
<!-- Generated by org.testng.reporters.JUnitReportReporter -->
<testsuite hostname="AnandKumbhalkar" failures="0" tests="1" name="TestClass.NewTest" time="0.016" errors="0" timestamp="2025-03-19T22:07:24 IST" skipped="0">
  <testcase classname="TestClass.NewTest" name="f" time="0.016"/>
  <system-out/>
</testsuite> <!-- TestClass.NewTest -->
