<?xml version="1.0" encoding="UTF-8"?>
<!-- Generated by org.testng.reporters.JUnitReportReporter -->
<testsuite hostname="AnandKumbhalkar" failures="0" tests="1" name="TestClasses.NewTest2" time="0.001" errors="0" timestamp="2025-03-31T07:15:34 IST" skipped="0">
  <testcase classname="TestClasses.NewTest2" name="d" time="0.001"/>
  <system-out/>
</testsuite> <!-- TestClasses.NewTest2 -->
