<?xml version="1.0" encoding="UTF-8"?>
<!-- Generated by org.testng.reporters.JUnitReportReporter -->
<testsuite hostname="AnandKumbhalkar" failures="0" tests="1" name="TestClass.NewTest1" time="7.949" errors="0" timestamp="2025-03-20T11:08:17 IST" skipped="0">
  <testcase classname="TestClass.NewTest1" name="test1" time="7.949"/>
  <system-out>
    <![CDATA[Test case1 is running]]>
  </system-out>
</testsuite> <!-- TestClass.NewTest1 -->
