<?xml version="1.0" encoding="UTF-8"?>
<!-- Generated by org.testng.reporters.JUnitReportReporter -->
<testsuite hostname="AnandKumbhalkar" failures="0" tests="1" name="veloTestClass.NewTest3" time="26.881" errors="0" timestamp="2025-03-08T13:29:41 IST" skipped="0">
  <testcase classname="veloTestClass.NewTest3" name="f" time="26.881"/>
</testsuite> <!-- veloTestClass.NewTest3 -->
